current directory: C:/Users/Dilan/.local/share/gem/ruby/3.2.0/gems/openssl-3.1.0/ext/openssl
C:/Ruby32-x64/bin/ruby.exe -I C:/Ruby32-x64/lib/ruby/3.2.0 extconf.rb
checking for rb_io_maybe_wait(0, Qnil, Qnil, Qnil) in ruby/io.h... yes
checking for t_open() in -lnsl... no
checking for socket() in -lsocket... no
checking for -lws2_32... yes
checking for whether -D_FORTIFY_SOURCE=2 is accepted as CFLAGS... yes
checking for whether -fstack-protector is accepted as LDFLAGS... yes
checking for -lssp... yes
checking for -lgdi32... yes
checking for -lcrypt32... yes
checking for openssl/ssl.h... no
*** extconf.rb failed ***
Could not create Makefile due to some reason, probably lack of necessary
libraries and/or headers.  Check the mkmf.log file for more details.  You may
need configuration options.

Provided configuration options:
	--with-opt-dir
	--without-opt-dir
	--with-opt-include
	--without-opt-include=${opt-dir}/include
	--with-opt-lib
	--without-opt-lib=${opt-dir}/lib
	--with-make-prog
	--without-make-prog
	--srcdir=.
	--curdir
	--ruby=C:/Ruby32-x64/bin/$(RUBY_BASE_NAME)
	--with-openssl-dir
	--without-openssl-dir
	--with-openssl-include
	--without-openssl-include=${openssl-dir}/include
	--with-openssl-lib
	--without-openssl-lib=${openssl-dir}/lib
	--with-kerberos-dir
	--without-kerberos-dir
	--with-kerberos-include
	--without-kerberos-include=${kerberos-dir}/include
	--with-kerberos-lib
	--without-kerberos-lib=${kerberos-dir}/lib
	--with-debug
	--without-debug
	--enable-debug
	--disable-debug
	--with-nsl-dir
	--without-nsl-dir
	--with-nsl-include
	--without-nsl-include=${nsl-dir}/include
	--with-nsl-lib
	--without-nsl-lib=${nsl-dir}/lib
	--with-nsllib
	--without-nsllib
	--with-socket-dir
	--without-socket-dir
	--with-socket-include
	--without-socket-include=${socket-dir}/include
	--with-socket-lib
	--without-socket-lib=${socket-dir}/lib
	--with-socketlib
	--without-socketlib
	--with-ws2_32-dir
	--without-ws2_32-dir
	--with-ws2_32-include
	--without-ws2_32-include=${ws2_32-dir}/include
	--with-ws2_32-lib
	--without-ws2_32-lib=${ws2_32-dir}/lib
	--with-ws2_32lib
	--without-ws2_32lib
	--with-ssp-dir
	--without-ssp-dir
	--with-ssp-include
	--without-ssp-include=${ssp-dir}/include
	--with-ssp-lib
	--without-ssp-lib=${ssp-dir}/lib
	--with-ssplib
	--without-ssplib
	--with-openssl-config
	--without-openssl-config
	--with-pkg-config
	--without-pkg-config
	--with-gdi32-dir
	--without-gdi32-dir
	--with-gdi32-include
	--without-gdi32-include=${gdi32-dir}/include
	--with-gdi32-lib
	--without-gdi32-lib=${gdi32-dir}/lib
	--with-gdi32lib
	--without-gdi32lib
	--with-crypt32-dir
	--without-crypt32-dir
	--with-crypt32-include
	--without-crypt32-include=${crypt32-dir}/include
	--with-crypt32-lib
	--without-crypt32-lib=${crypt32-dir}/lib
	--with-crypt32lib
	--without-crypt32lib
extconf.rb:101:in `<main>': OpenSSL library could not be found. You might want to use --with-openssl-dir=<dir> option to specify the prefix where OpenSSL is installed. (RuntimeError)

To see why this extension failed to compile, please check the mkmf.log which can be found here:

  C:/Users/Dilan/.local/share/gem/ruby/3.2.0/extensions/x64-mingw-ucrt/3.2.0/openssl-3.1.0/mkmf.log

extconf failed, exit code 1
