=== OpenSSL for Ruby configurator ===
have_func: checking for rb_io_maybe_wait(0, Qnil, Qnil, Qnil) in ruby/io.h... -------------------- yes

PATH=".;C:/Ruby32-x64/lib;C:\Ruby32-x64\bin;C:\Ruby32-x64\msys64\ucrt64\bin;C:\Ruby32-x64\msys64\usr\bin;C:\Ruby32-x64\bin;C:\WINDOWS\system32;C:\WINDOWS;C:\WINDOWS\System32\Wbem;C:\WINDOWS\System32\WindowsPowerShell\v1.0\;C:\WINDOWS\System32\OpenSSH\;C:\FPC\3.2.0\bin\i386-Win32;C:\Program Files\Git\cmd;C:\Users\Dilan\AppData\Local\Microsoft\WindowsApps;;C:\Users\Dilan\AppData\Local\Programs\Microsoft VS Code\bin" "gcc -o conftest.exe -IC:/Ruby32-x64/include/ruby-3.2.0/x64-mingw-ucrt -IC:/Ruby32-x64/include/ruby-3.2.0/ruby/backward -IC:/Ruby32-x64/include/ruby-3.2.0 -I. -D__USE_MINGW_ANSI_STDIO=1 -DFD_SETSIZE=2048 -D_WIN32_WINNT=0x0600 -D__MINGW_USE_VC2005_COMPAT -D_FILE_OFFSET_BITS=64  -O3 -fno-fast-math -fstack-protector-strong conftest.c  -L. -LC:/Ruby32-x64/lib -L. -pipe -s -fstack-protector-strong -Wl,--no-as-needed  -m64   -lx64-ucrt-ruby320  -lshell32 -lws2_32 -liphlpapi -limagehlp -lshlwapi -lbcrypt  "
checked program was:
/* begin */
1: #include "ruby.h"
2: 
3: #include <winsock2.h>
4: #include <windows.h>
5: int main(int argc, char **argv)
6: {
7:   return !!argv[argc];
8: }
/* end */

PATH=".;C:/Ruby32-x64/lib;C:\Ruby32-x64\bin;C:\Ruby32-x64\msys64\ucrt64\bin;C:\Ruby32-x64\msys64\usr\bin;C:\Ruby32-x64\bin;C:\WINDOWS\system32;C:\WINDOWS;C:\WINDOWS\System32\Wbem;C:\WINDOWS\System32\WindowsPowerShell\v1.0\;C:\WINDOWS\System32\OpenSSH\;C:\FPC\3.2.0\bin\i386-Win32;C:\Program Files\Git\cmd;C:\Users\Dilan\AppData\Local\Microsoft\WindowsApps;;C:\Users\Dilan\AppData\Local\Programs\Microsoft VS Code\bin" "gcc -o conftest.exe -IC:/Ruby32-x64/include/ruby-3.2.0/x64-mingw-ucrt -IC:/Ruby32-x64/include/ruby-3.2.0/ruby/backward -IC:/Ruby32-x64/include/ruby-3.2.0 -I. -D__USE_MINGW_ANSI_STDIO=1 -DFD_SETSIZE=2048 -D_WIN32_WINNT=0x0600 -D__MINGW_USE_VC2005_COMPAT -D_FILE_OFFSET_BITS=64  -O3 -fno-fast-math -fstack-protector-strong conftest.c  -L. -LC:/Ruby32-x64/lib -L. -pipe -s -fstack-protector-strong -Wl,--no-as-needed  -m64   -lx64-ucrt-ruby320  -lshell32 -lws2_32 -liphlpapi -limagehlp -lshlwapi -lbcrypt  "
checked program was:
/* begin */
 1: #include "ruby.h"
 2: 
 3: #include <winsock2.h>
 4: #include <windows.h>
 5: #include <ruby/io.h>
 6: 
 7: /*top*/
 8: extern int t(void);
 9: int main(int argc, char **argv)
10: {
11:   if (argc > 1000000) {
12:     int (* volatile tp)(void)=(int (*)(void))&t;
13:     printf("%d", (*tp)());
14:   }
15: 
16:   return !!argv[argc];
17: }
18: 
19: int t(void) { rb_io_maybe_wait(0, Qnil, Qnil, Qnil); return 0; }
/* end */

--------------------

=== Checking for system dependent stuff... ===
have_library: checking for t_open() in -lnsl... -------------------- no

PATH=".;C:/Ruby32-x64/lib;C:\Ruby32-x64\bin;C:\Ruby32-x64\msys64\ucrt64\bin;C:\Ruby32-x64\msys64\usr\bin;C:\Ruby32-x64\bin;C:\WINDOWS\system32;C:\WINDOWS;C:\WINDOWS\System32\Wbem;C:\WINDOWS\System32\WindowsPowerShell\v1.0\;C:\WINDOWS\System32\OpenSSH\;C:\FPC\3.2.0\bin\i386-Win32;C:\Program Files\Git\cmd;C:\Users\Dilan\AppData\Local\Microsoft\WindowsApps;;C:\Users\Dilan\AppData\Local\Programs\Microsoft VS Code\bin" "gcc -o conftest.exe -IC:/Ruby32-x64/include/ruby-3.2.0/x64-mingw-ucrt -IC:/Ruby32-x64/include/ruby-3.2.0/ruby/backward -IC:/Ruby32-x64/include/ruby-3.2.0 -I. -D__USE_MINGW_ANSI_STDIO=1 -DFD_SETSIZE=2048 -D_WIN32_WINNT=0x0600 -D__MINGW_USE_VC2005_COMPAT -D_FILE_OFFSET_BITS=64  -O3 -fno-fast-math -fstack-protector-strong conftest.c  -L. -LC:/Ruby32-x64/lib -L. -pipe -s -fstack-protector-strong -Wl,--no-as-needed  -m64   -lx64-ucrt-ruby320 -lnsl  -lshell32 -lws2_32 -liphlpapi -limagehlp -lshlwapi -lbcrypt  "
conftest.c: In function 't':
conftest.c:17:57: error: 't_open' undeclared (first use in this function); did you mean '_open'?
   17 | int t(void) { void ((*volatile p)()); p = (void ((*)()))t_open; return !p; }
      |                                                         ^~~~~~
      |                                                         _open
conftest.c:17:57: note: each undeclared identifier is reported only once for each function it appears in
checked program was:
/* begin */
 1: #include "ruby.h"
 2: 
 3: #include <winsock2.h>
 4: #include <windows.h>
 5: 
 6: /*top*/
 7: extern int t(void);
 8: int main(int argc, char **argv)
 9: {
10:   if (argc > 1000000) {
11:     int (* volatile tp)(void)=(int (*)(void))&t;
12:     printf("%d", (*tp)());
13:   }
14: 
15:   return !!argv[argc];
16: }
17: int t(void) { void ((*volatile p)()); p = (void ((*)()))t_open; return !p; }
/* end */

PATH=".;C:/Ruby32-x64/lib;C:\Ruby32-x64\bin;C:\Ruby32-x64\msys64\ucrt64\bin;C:\Ruby32-x64\msys64\usr\bin;C:\Ruby32-x64\bin;C:\WINDOWS\system32;C:\WINDOWS;C:\WINDOWS\System32\Wbem;C:\WINDOWS\System32\WindowsPowerShell\v1.0\;C:\WINDOWS\System32\OpenSSH\;C:\FPC\3.2.0\bin\i386-Win32;C:\Program Files\Git\cmd;C:\Users\Dilan\AppData\Local\Microsoft\WindowsApps;;C:\Users\Dilan\AppData\Local\Programs\Microsoft VS Code\bin" "gcc -o conftest.exe -IC:/Ruby32-x64/include/ruby-3.2.0/x64-mingw-ucrt -IC:/Ruby32-x64/include/ruby-3.2.0/ruby/backward -IC:/Ruby32-x64/include/ruby-3.2.0 -I. -D__USE_MINGW_ANSI_STDIO=1 -DFD_SETSIZE=2048 -D_WIN32_WINNT=0x0600 -D__MINGW_USE_VC2005_COMPAT -D_FILE_OFFSET_BITS=64  -O3 -fno-fast-math -fstack-protector-strong conftest.c  -L. -LC:/Ruby32-x64/lib -L. -pipe -s -fstack-protector-strong -Wl,--no-as-needed  -m64   -lx64-ucrt-ruby320 -lnsl  -lshell32 -lws2_32 -liphlpapi -limagehlp -lshlwapi -lbcrypt  "
C:/Ruby32-x64/msys64/ucrt64/bin/../lib/gcc/x86_64-w64-mingw32/12.2.0/../../../../x86_64-w64-mingw32/bin/ld.exe: cannot find -lnsl: No such file or directory
collect2.exe: error: ld returned 1 exit status
checked program was:
/* begin */
 1: #include "ruby.h"
 2: 
 3: #include <winsock2.h>
 4: #include <windows.h>
 5: 
 6: /*top*/
 7: extern int t(void);
 8: int main(int argc, char **argv)
 9: {
10:   if (argc > 1000000) {
11:     int (* volatile tp)(void)=(int (*)(void))&t;
12:     printf("%d", (*tp)());
13:   }
14: 
15:   return !!argv[argc];
16: }
17: extern void t_open();
18: int t(void) { t_open(); return 0; }
/* end */

--------------------

have_library: checking for socket() in -lsocket... -------------------- no

PATH=".;C:/Ruby32-x64/lib;C:\Ruby32-x64\bin;C:\Ruby32-x64\msys64\ucrt64\bin;C:\Ruby32-x64\msys64\usr\bin;C:\Ruby32-x64\bin;C:\WINDOWS\system32;C:\WINDOWS;C:\WINDOWS\System32\Wbem;C:\WINDOWS\System32\WindowsPowerShell\v1.0\;C:\WINDOWS\System32\OpenSSH\;C:\FPC\3.2.0\bin\i386-Win32;C:\Program Files\Git\cmd;C:\Users\Dilan\AppData\Local\Microsoft\WindowsApps;;C:\Users\Dilan\AppData\Local\Programs\Microsoft VS Code\bin" "gcc -o conftest.exe -IC:/Ruby32-x64/include/ruby-3.2.0/x64-mingw-ucrt -IC:/Ruby32-x64/include/ruby-3.2.0/ruby/backward -IC:/Ruby32-x64/include/ruby-3.2.0 -I. -D__USE_MINGW_ANSI_STDIO=1 -DFD_SETSIZE=2048 -D_WIN32_WINNT=0x0600 -D__MINGW_USE_VC2005_COMPAT -D_FILE_OFFSET_BITS=64  -O3 -fno-fast-math -fstack-protector-strong conftest.c  -L. -LC:/Ruby32-x64/lib -L. -pipe -s -fstack-protector-strong -Wl,--no-as-needed  -m64   -lx64-ucrt-ruby320 -lsocket  -lshell32 -lws2_32 -liphlpapi -limagehlp -lshlwapi -lbcrypt  "
C:/Ruby32-x64/msys64/ucrt64/bin/../lib/gcc/x86_64-w64-mingw32/12.2.0/../../../../x86_64-w64-mingw32/bin/ld.exe: cannot find -lsocket: No such file or directory
collect2.exe: error: ld returned 1 exit status
checked program was:
/* begin */
 1: #include "ruby.h"
 2: 
 3: #include <winsock2.h>
 4: #include <windows.h>
 5: 
 6: /*top*/
 7: extern int t(void);
 8: int main(int argc, char **argv)
 9: {
10:   if (argc > 1000000) {
11:     int (* volatile tp)(void)=(int (*)(void))&t;
12:     printf("%d", (*tp)());
13:   }
14: 
15:   return !!argv[argc];
16: }
17: int t(void) { void ((*volatile p)()); p = (void ((*)()))socket; return !p; }
/* end */

PATH=".;C:/Ruby32-x64/lib;C:\Ruby32-x64\bin;C:\Ruby32-x64\msys64\ucrt64\bin;C:\Ruby32-x64\msys64\usr\bin;C:\Ruby32-x64\bin;C:\WINDOWS\system32;C:\WINDOWS;C:\WINDOWS\System32\Wbem;C:\WINDOWS\System32\WindowsPowerShell\v1.0\;C:\WINDOWS\System32\OpenSSH\;C:\FPC\3.2.0\bin\i386-Win32;C:\Program Files\Git\cmd;C:\Users\Dilan\AppData\Local\Microsoft\WindowsApps;;C:\Users\Dilan\AppData\Local\Programs\Microsoft VS Code\bin" "gcc -o conftest.exe -IC:/Ruby32-x64/include/ruby-3.2.0/x64-mingw-ucrt -IC:/Ruby32-x64/include/ruby-3.2.0/ruby/backward -IC:/Ruby32-x64/include/ruby-3.2.0 -I. -D__USE_MINGW_ANSI_STDIO=1 -DFD_SETSIZE=2048 -D_WIN32_WINNT=0x0600 -D__MINGW_USE_VC2005_COMPAT -D_FILE_OFFSET_BITS=64  -O3 -fno-fast-math -fstack-protector-strong conftest.c  -L. -LC:/Ruby32-x64/lib -L. -pipe -s -fstack-protector-strong -Wl,--no-as-needed  -m64   -lx64-ucrt-ruby320 -lsocket  -lshell32 -lws2_32 -liphlpapi -limagehlp -lshlwapi -lbcrypt  "
conftest.c:17:13: error: conflicting types for 'socket'; have 'void()'
   17 | extern void socket();
      |             ^~~~~~
In file included from C:/Ruby32-x64/include/ruby-3.2.0/ruby/win32.h:36,
                 from C:/Ruby32-x64/include/ruby-3.2.0/ruby/internal/dosish.h:38,
                 from C:/Ruby32-x64/include/ruby-3.2.0/ruby/defines.h:78,
                 from C:/Ruby32-x64/include/ruby-3.2.0/ruby/ruby.h:25,
                 from C:/Ruby32-x64/include/ruby-3.2.0/ruby.h:38,
                 from conftest.c:1:
C:/Ruby32-x64/msys64/ucrt64/include/winsock2.h:1037:37: note: previous declaration of 'socket' with type 'SOCKET(int,  int,  int)' {aka 'long long unsigned int(int,  int,  int)'}
 1037 |   WINSOCK_API_LINKAGE SOCKET WSAAPI socket(int af,int type,int protocol);
      |                                     ^~~~~~
checked program was:
/* begin */
 1: #include "ruby.h"
 2: 
 3: #include <winsock2.h>
 4: #include <windows.h>
 5: 
 6: /*top*/
 7: extern int t(void);
 8: int main(int argc, char **argv)
 9: {
10:   if (argc > 1000000) {
11:     int (* volatile tp)(void)=(int (*)(void))&t;
12:     printf("%d", (*tp)());
13:   }
14: 
15:   return !!argv[argc];
16: }
17: extern void socket();
18: int t(void) { socket(); return 0; }
/* end */

--------------------

have_library: checking for -lws2_32... -------------------- yes

PATH=".;C:/Ruby32-x64/lib;C:\Ruby32-x64\bin;C:\Ruby32-x64\msys64\ucrt64\bin;C:\Ruby32-x64\msys64\usr\bin;C:\Ruby32-x64\bin;C:\WINDOWS\system32;C:\WINDOWS;C:\WINDOWS\System32\Wbem;C:\WINDOWS\System32\WindowsPowerShell\v1.0\;C:\WINDOWS\System32\OpenSSH\;C:\FPC\3.2.0\bin\i386-Win32;C:\Program Files\Git\cmd;C:\Users\Dilan\AppData\Local\Microsoft\WindowsApps;;C:\Users\Dilan\AppData\Local\Programs\Microsoft VS Code\bin" "gcc -o conftest.exe -IC:/Ruby32-x64/include/ruby-3.2.0/x64-mingw-ucrt -IC:/Ruby32-x64/include/ruby-3.2.0/ruby/backward -IC:/Ruby32-x64/include/ruby-3.2.0 -I. -D__USE_MINGW_ANSI_STDIO=1 -DFD_SETSIZE=2048 -D_WIN32_WINNT=0x0600 -D__MINGW_USE_VC2005_COMPAT -D_FILE_OFFSET_BITS=64  -O3 -fno-fast-math -fstack-protector-strong conftest.c  -L. -LC:/Ruby32-x64/lib -L. -pipe -s -fstack-protector-strong -Wl,--no-as-needed  -m64   -lx64-ucrt-ruby320 -lws2_32  -lshell32 -lws2_32 -liphlpapi -limagehlp -lshlwapi -lbcrypt  "
checked program was:
/* begin */
 1: #include "ruby.h"
 2: 
 3: #include <winsock2.h>
 4: #include <windows.h>
 5: 
 6: /*top*/
 7: extern int t(void);
 8: int main(int argc, char **argv)
 9: {
10:   if (argc > 1000000) {
11:     int (* volatile tp)(void)=(int (*)(void))&t;
12:     printf("%d", (*tp)());
13:   }
14: 
15:   return !!argv[argc];
16: }
17: 
18: int t(void) { ; return 0; }
/* end */

--------------------

block in append_cflags: checking for whether -D_FORTIFY_SOURCE=2 is accepted as CFLAGS... -------------------- yes

PATH=".;C:/Ruby32-x64/lib;C:\Ruby32-x64\bin;C:\Ruby32-x64\msys64\ucrt64\bin;C:\Ruby32-x64\msys64\usr\bin;C:\Ruby32-x64\bin;C:\WINDOWS\system32;C:\WINDOWS;C:\WINDOWS\System32\Wbem;C:\WINDOWS\System32\WindowsPowerShell\v1.0\;C:\WINDOWS\System32\OpenSSH\;C:\FPC\3.2.0\bin\i386-Win32;C:\Program Files\Git\cmd;C:\Users\Dilan\AppData\Local\Microsoft\WindowsApps;;C:\Users\Dilan\AppData\Local\Programs\Microsoft VS Code\bin" "gcc -IC:/Ruby32-x64/include/ruby-3.2.0/x64-mingw-ucrt -IC:/Ruby32-x64/include/ruby-3.2.0/ruby/backward -IC:/Ruby32-x64/include/ruby-3.2.0 -I. -D__USE_MINGW_ANSI_STDIO=1 -DFD_SETSIZE=2048 -D_WIN32_WINNT=0x0600 -D__MINGW_USE_VC2005_COMPAT -D_FILE_OFFSET_BITS=64  -O3 -fno-fast-math -fstack-protector-strong -m64 -D_FORTIFY_SOURCE=2 -Werror -c conftest.c"
checked program was:
/* begin */
1: #include "ruby.h"
2: 
3: #include <winsock2.h>
4: #include <windows.h>
5: int main(int argc, char **argv)
6: {
7:   return !!argv[argc];
8: }
/* end */

--------------------

block in append_ldflags: checking for whether -fstack-protector is accepted as LDFLAGS... -------------------- yes

PATH=".;C:/Ruby32-x64/lib;C:\Ruby32-x64\bin;C:\Ruby32-x64\msys64\ucrt64\bin;C:\Ruby32-x64\msys64\usr\bin;C:\Ruby32-x64\bin;C:\WINDOWS\system32;C:\WINDOWS;C:\WINDOWS\System32\Wbem;C:\WINDOWS\System32\WindowsPowerShell\v1.0\;C:\WINDOWS\System32\OpenSSH\;C:\FPC\3.2.0\bin\i386-Win32;C:\Program Files\Git\cmd;C:\Users\Dilan\AppData\Local\Microsoft\WindowsApps;;C:\Users\Dilan\AppData\Local\Programs\Microsoft VS Code\bin" "gcc -o conftest.exe -IC:/Ruby32-x64/include/ruby-3.2.0/x64-mingw-ucrt -IC:/Ruby32-x64/include/ruby-3.2.0/ruby/backward -IC:/Ruby32-x64/include/ruby-3.2.0 -I. -D__USE_MINGW_ANSI_STDIO=1 -DFD_SETSIZE=2048 -D_WIN32_WINNT=0x0600 -D__MINGW_USE_VC2005_COMPAT -D_FILE_OFFSET_BITS=64  -O3 -fno-fast-math -fstack-protector-strong -D_FORTIFY_SOURCE=2 conftest.c  -L. -LC:/Ruby32-x64/lib -L. -pipe -s -fstack-protector-strong -Wl,--no-as-needed  -m64  -lws2_32  -lx64-ucrt-ruby320 -fstack-protector -lshell32 -lws2_32 -liphlpapi -limagehlp -lshlwapi -lbcrypt  "
checked program was:
/* begin */
1: #include "ruby.h"
2: 
3: #include <winsock2.h>
4: #include <windows.h>
5: int main(int argc, char **argv)
6: {
7:   return !!argv[argc];
8: }
/* end */

--------------------

have_library: checking for -lssp... -------------------- yes

PATH=".;C:/Ruby32-x64/lib;C:\Ruby32-x64\bin;C:\Ruby32-x64\msys64\ucrt64\bin;C:\Ruby32-x64\msys64\usr\bin;C:\Ruby32-x64\bin;C:\WINDOWS\system32;C:\WINDOWS;C:\WINDOWS\System32\Wbem;C:\WINDOWS\System32\WindowsPowerShell\v1.0\;C:\WINDOWS\System32\OpenSSH\;C:\FPC\3.2.0\bin\i386-Win32;C:\Program Files\Git\cmd;C:\Users\Dilan\AppData\Local\Microsoft\WindowsApps;;C:\Users\Dilan\AppData\Local\Programs\Microsoft VS Code\bin" "gcc -o conftest.exe -IC:/Ruby32-x64/include/ruby-3.2.0/x64-mingw-ucrt -IC:/Ruby32-x64/include/ruby-3.2.0/ruby/backward -IC:/Ruby32-x64/include/ruby-3.2.0 -I. -D__USE_MINGW_ANSI_STDIO=1 -DFD_SETSIZE=2048 -D_WIN32_WINNT=0x0600 -D__MINGW_USE_VC2005_COMPAT -D_FILE_OFFSET_BITS=64  -O3 -fno-fast-math -fstack-protector-strong -D_FORTIFY_SOURCE=2 conftest.c  -L. -LC:/Ruby32-x64/lib -L. -pipe -s -fstack-protector-strong -Wl,--no-as-needed -fstack-protector  -m64  -lws2_32  -lx64-ucrt-ruby320 -lssp -lws2_32  -lshell32 -lws2_32 -liphlpapi -limagehlp -lshlwapi -lbcrypt  "
checked program was:
/* begin */
 1: #include "ruby.h"
 2: 
 3: #include <winsock2.h>
 4: #include <windows.h>
 5: 
 6: /*top*/
 7: extern int t(void);
 8: int main(int argc, char **argv)
 9: {
10:   if (argc > 1000000) {
11:     int (* volatile tp)(void)=(int (*)(void))&t;
12:     printf("%d", (*tp)());
13:   }
14: 
15:   return !!argv[argc];
16: }
17: 
18: int t(void) { ; return 0; }
/* end */

--------------------

=== Checking for required stuff... ===
PATH=".;C:/Ruby32-x64/lib;C:\Ruby32-x64\bin;C:\Ruby32-x64\msys64\ucrt64\bin;C:\Ruby32-x64\msys64\usr\bin;C:\Ruby32-x64\bin;C:\WINDOWS\system32;C:\WINDOWS;C:\WINDOWS\System32\Wbem;C:\WINDOWS\System32\WindowsPowerShell\v1.0\;C:\WINDOWS\System32\OpenSSH\;C:\FPC\3.2.0\bin\i386-Win32;C:\Program Files\Git\cmd;C:\Users\Dilan\AppData\Local\Microsoft\WindowsApps;;C:\Users\Dilan\AppData\Local\Programs\Microsoft VS Code\bin" x86_64-w64-mingw32-pkg-config --exists openssl
package configuration for openssl is not found
have_library: checking for -lgdi32... -------------------- yes

PATH=".;C:/Ruby32-x64/lib;C:\Ruby32-x64\bin;C:\Ruby32-x64\msys64\ucrt64\bin;C:\Ruby32-x64\msys64\usr\bin;C:\Ruby32-x64\bin;C:\WINDOWS\system32;C:\WINDOWS;C:\WINDOWS\System32\Wbem;C:\WINDOWS\System32\WindowsPowerShell\v1.0\;C:\WINDOWS\System32\OpenSSH\;C:\FPC\3.2.0\bin\i386-Win32;C:\Program Files\Git\cmd;C:\Users\Dilan\AppData\Local\Microsoft\WindowsApps;;C:\Users\Dilan\AppData\Local\Programs\Microsoft VS Code\bin" "gcc -o conftest.exe -IC:/Ruby32-x64/include/ruby-3.2.0/x64-mingw-ucrt -IC:/Ruby32-x64/include/ruby-3.2.0/ruby/backward -IC:/Ruby32-x64/include/ruby-3.2.0 -I. -D__USE_MINGW_ANSI_STDIO=1 -DFD_SETSIZE=2048 -D_WIN32_WINNT=0x0600 -D__MINGW_USE_VC2005_COMPAT -D_FILE_OFFSET_BITS=64  -O3 -fno-fast-math -fstack-protector-strong -D_FORTIFY_SOURCE=2 conftest.c  -L. -LC:/Ruby32-x64/lib -L. -pipe -s -fstack-protector-strong -Wl,--no-as-needed -fstack-protector  -m64  -lssp -lws2_32  -lx64-ucrt-ruby320 -lgdi32 -lssp -lws2_32  -lshell32 -lws2_32 -liphlpapi -limagehlp -lshlwapi -lbcrypt  "
checked program was:
/* begin */
 1: #include "ruby.h"
 2: 
 3: #include <winsock2.h>
 4: #include <windows.h>
 5: 
 6: /*top*/
 7: extern int t(void);
 8: int main(int argc, char **argv)
 9: {
10:   if (argc > 1000000) {
11:     int (* volatile tp)(void)=(int (*)(void))&t;
12:     printf("%d", (*tp)());
13:   }
14: 
15:   return !!argv[argc];
16: }
17: 
18: int t(void) { ; return 0; }
/* end */

--------------------

have_library: checking for -lcrypt32... -------------------- yes

PATH=".;C:/Ruby32-x64/lib;C:\Ruby32-x64\bin;C:\Ruby32-x64\msys64\ucrt64\bin;C:\Ruby32-x64\msys64\usr\bin;C:\Ruby32-x64\bin;C:\WINDOWS\system32;C:\WINDOWS;C:\WINDOWS\System32\Wbem;C:\WINDOWS\System32\WindowsPowerShell\v1.0\;C:\WINDOWS\System32\OpenSSH\;C:\FPC\3.2.0\bin\i386-Win32;C:\Program Files\Git\cmd;C:\Users\Dilan\AppData\Local\Microsoft\WindowsApps;;C:\Users\Dilan\AppData\Local\Programs\Microsoft VS Code\bin" "gcc -o conftest.exe -IC:/Ruby32-x64/include/ruby-3.2.0/x64-mingw-ucrt -IC:/Ruby32-x64/include/ruby-3.2.0/ruby/backward -IC:/Ruby32-x64/include/ruby-3.2.0 -I. -D__USE_MINGW_ANSI_STDIO=1 -DFD_SETSIZE=2048 -D_WIN32_WINNT=0x0600 -D__MINGW_USE_VC2005_COMPAT -D_FILE_OFFSET_BITS=64  -O3 -fno-fast-math -fstack-protector-strong -D_FORTIFY_SOURCE=2 conftest.c  -L. -LC:/Ruby32-x64/lib -L. -pipe -s -fstack-protector-strong -Wl,--no-as-needed -fstack-protector  -m64  -lgdi32 -lssp -lws2_32  -lx64-ucrt-ruby320 -lcrypt32 -lgdi32 -lssp -lws2_32  -lshell32 -lws2_32 -liphlpapi -limagehlp -lshlwapi -lbcrypt  "
checked program was:
/* begin */
 1: #include "ruby.h"
 2: 
 3: #include <winsock2.h>
 4: #include <windows.h>
 5: 
 6: /*top*/
 7: extern int t(void);
 8: int main(int argc, char **argv)
 9: {
10:   if (argc > 1000000) {
11:     int (* volatile tp)(void)=(int (*)(void))&t;
12:     printf("%d", (*tp)());
13:   }
14: 
15:   return !!argv[argc];
16: }
17: 
18: int t(void) { ; return 0; }
/* end */

--------------------

have_header: checking for openssl/ssl.h... -------------------- no

PATH=".;C:/Ruby32-x64/lib;C:\Ruby32-x64\bin;C:\Ruby32-x64\msys64\ucrt64\bin;C:\Ruby32-x64\msys64\usr\bin;C:\Ruby32-x64\bin;C:\WINDOWS\system32;C:\WINDOWS;C:\WINDOWS\System32\Wbem;C:\WINDOWS\System32\WindowsPowerShell\v1.0\;C:\WINDOWS\System32\OpenSSH\;C:\FPC\3.2.0\bin\i386-Win32;C:\Program Files\Git\cmd;C:\Users\Dilan\AppData\Local\Microsoft\WindowsApps;;C:\Users\Dilan\AppData\Local\Programs\Microsoft VS Code\bin" "gcc -IC:/Ruby32-x64/include/ruby-3.2.0/x64-mingw-ucrt -IC:/Ruby32-x64/include/ruby-3.2.0/ruby/backward -IC:/Ruby32-x64/include/ruby-3.2.0 -I. -D__USE_MINGW_ANSI_STDIO=1 -DFD_SETSIZE=2048 -D_WIN32_WINNT=0x0600 -D__MINGW_USE_VC2005_COMPAT -D_FILE_OFFSET_BITS=64  -O3 -fno-fast-math -fstack-protector-strong -D_FORTIFY_SOURCE=2 -m64  -c conftest.c"
conftest.c:5:10: fatal error: openssl/ssl.h: No such file or directory
    5 | #include <openssl/ssl.h>
      |          ^~~~~~~~~~~~~~~
compilation terminated.
checked program was:
/* begin */
1: #include "ruby.h"
2: 
3: #include <winsock2.h>
4: #include <windows.h>
5: #include <openssl/ssl.h>
/* end */

--------------------

=== Checking for required stuff failed. ===
Makefile wasn't created. Fix the errors above.
